# JRE version: OpenJDK Runtime Environment (8.0_242-b01) (build 1.8.0_242-release-1644-b01)
# Java VM: OpenJDK 64-Bit Server VM (25.242-b01 mixed mode windows-amd64 compressed oops)
Heap:
 PSYoungGen      total 173056K, used 14573K [0x00000000d5580000, 0x00000000e2d00000, 0x0000000100000000)
  eden space 160768K, 9% used [0x00000000d5580000,0x00000000d63bb730,0x00000000df280000)
  from space 12288K, 0% used [0x00000000df280000,0x00000000df280000,0x00000000dfe80000)
  to   space 13824K, 0% used [0x00000000e1f80000,0x00000000e1f80000,0x00000000e2d00000)
 ParOldGen       total 113152K, used 18473K [0x0000000080000000, 0x0000000086e80000, 0x00000000d5580000)
  object space 113152K, 16% used [0x0000000080000000,0x000000008120a410,0x0000000086e80000)
 Metaspace       used 34884K, capacity 35986K, committed 36136K, reserved 1081344K
  class space    used 4770K, capacity 5051K, committed 5160K, reserved 1048576K
GC Heap History (10 events):
Event: 3.626 GC heap before
{Heap before GC invocations=5 (full 0):
 PSYoungGen      total 88576K, used 45382K [0x00000000d5580000, 0x00000000db280000, 0x0000000100000000)
  eden space 81920K, 47% used [0x00000000d5580000,0x00000000d7b58420,0x00000000da580000)
  from space 6656K, 99% used [0x00000000dac00000,0x00000000db2794a0,0x00000000db280000)
  to   space 6656K, 0% used [0x00000000da580000,0x00000000da580000,0x00000000dac00000)
 ParOldGen       total 109568K, used 3714K [0x0000000080000000, 0x0000000086b00000, 0x00000000d5580000)
  object space 109568K, 3% used [0x0000000080000000,0x00000000803a0bd0,0x0000000086b00000)
 Metaspace       used 20593K, capacity 21218K, committed 21296K, reserved 1067008K
  class space    used 2888K, capacity 3093K, committed 3120K, reserved 1048576K
Event: 3.669 GC heap after
Heap after GC invocations=5 (full 0):
 PSYoungGen      total 88576K, used 6644K [0x00000000d5580000, 0x00000000e0c80000, 0x0000000100000000)
  eden space 81920K, 0% used [0x00000000d5580000,0x00000000d5580000,0x00000000da580000)
  from space 6656K, 99% used [0x00000000da580000,0x00000000dabfd040,0x00000000dac00000)
  to   space 11776K, 0% used [0x00000000e0100000,0x00000000e0100000,0x00000000e0c80000)
 ParOldGen       total 109568K, used 6703K [0x0000000080000000, 0x0000000086b00000, 0x00000000d5580000)
  object space 109568K, 6% used [0x0000000080000000,0x000000008068bcc0,0x0000000086b00000)
 Metaspace       used 20593K, capacity 21218K, committed 21296K, reserved 1067008K
  class space    used 2888K, capacity 3093K, committed 3120K, reserved 1048576K
}
Event: 3.669 GC heap before
{Heap before GC invocations=6 (full 1):
 PSYoungGen      total 88576K, used 6644K [0x00000000d5580000, 0x00000000e0c80000, 0x0000000100000000)
  eden space 81920K, 0% used [0x00000000d5580000,0x00000000d5580000,0x00000000da580000)
  from space 6656K, 99% used [0x00000000da580000,0x00000000dabfd040,0x00000000dac00000)
  to   space 11776K, 0% used [0x00000000e0100000,0x00000000e0100000,0x00000000e0c80000)
 ParOldGen       total 109568K, used 6703K [0x0000000080000000, 0x0000000086b00000, 0x00000000d5580000)
  object space 109568K, 6% used [0x0000000080000000,0x000000008068bcc0,0x0000000086b00000)
 Metaspace       used 20593K, capacity 21218K, committed 21296K, reserved 1067008K
  class space    used 2888K, capacity 3093K, committed 3120K, reserved 1048576K
Event: 3.748 GC heap after
Heap after GC invocations=6 (full 1):
 PSYoungGen      total 88576K, used 0K [0x00000000d5580000, 0x00000000e0c80000, 0x0000000100000000)
  eden space 81920K, 0% used [0x00000000d5580000,0x00000000d5580000,0x00000000da580000)
  from space 6656K, 0% used [0x00000000da580000,0x00000000da580000,0x00000000dac00000)
  to   space 11776K, 0% used [0x00000000e0100000,0x00000000e0100000,0x00000000e0c80000)
 ParOldGen       total 71168K, used 9437K [0x0000000080000000, 0x0000000084580000, 0x00000000d5580000)
  object space 71168K, 13% used [0x0000000080000000,0x0000000080937798,0x0000000084580000)
 Metaspace       used 20593K, capacity 21218K, committed 21296K, reserved 1067008K
  class space    used 2888K, capacity 3093K, committed 3120K, reserved 1048576K
}
Event: 4.798 GC heap before
{Heap before GC invocations=7 (full 1):
 PSYoungGen      total 88576K, used 81920K [0x00000000d5580000, 0x00000000e0c80000, 0x0000000100000000)
  eden space 81920K, 100% used [0x00000000d5580000,0x00000000da580000,0x00000000da580000)
  from space 6656K, 0% used [0x00000000da580000,0x00000000da580000,0x00000000dac00000)
  to   space 11776K, 0% used [0x00000000e0100000,0x00000000e0100000,0x00000000e0c80000)
 ParOldGen       total 71168K, used 9437K [0x0000000080000000, 0x0000000084580000, 0x00000000d5580000)
  object space 71168K, 13% used [0x0000000080000000,0x0000000080937798,0x0000000084580000)
 Metaspace       used 29925K, capacity 30694K, committed 30896K, reserved 1075200K
  class space    used 4013K, capacity 4240K, committed 4272K, reserved 1048576K
Event: 4.810 GC heap after
Heap after GC invocations=7 (full 1):
 PSYoungGen      total 136704K, used 9252K [0x00000000d5580000, 0x00000000e0a80000, 0x0000000100000000)
  eden space 126976K, 0% used [0x00000000d5580000,0x00000000d5580000,0x00000000dd180000)
  from space 9728K, 95% used [0x00000000e0100000,0x00000000e0a09108,0x00000000e0a80000)
  to   space 12288K, 0% used [0x00000000df280000,0x00000000df280000,0x00000000dfe80000)
 ParOldGen       total 71168K, used 9445K [0x0000000080000000, 0x0000000084580000, 0x00000000d5580000)
  object space 71168K, 13% used [0x0000000080000000,0x0000000080939798,0x0000000084580000)
 Metaspace       used 29925K, capacity 30694K, committed 30896K, reserved 1075200K
  class space    used 4013K, capacity 4240K, committed 4272K, reserved 1048576K
}
Event: 6.826 GC heap before
{Heap before GC invocations=8 (full 1):
 PSYoungGen      total 136704K, used 101939K [0x00000000d5580000, 0x00000000e0a80000, 0x0000000100000000)
  eden space 126976K, 72% used [0x00000000d5580000,0x00000000db003c08,0x00000000dd180000)
  from space 9728K, 95% used [0x00000000e0100000,0x00000000e0a09108,0x00000000e0a80000)
  to   space 12288K, 0% used [0x00000000df280000,0x00000000df280000,0x00000000dfe80000)
 ParOldGen       total 71168K, used 9445K [0x0000000080000000, 0x0000000084580000, 0x00000000d5580000)
  object space 71168K, 13% used [0x0000000080000000,0x0000000080939798,0x0000000084580000)
 Metaspace       used 34400K, capacity 35386K, committed 35496K, reserved 1079296K
  class space    used 4678K, capacity 4942K, committed 5032K, reserved 1048576K
Event: 6.856 GC heap after
Heap after GC invocations=8 (full 1):
 PSYoungGen      total 173056K, used 11659K [0x00000000d5580000, 0x00000000e2d00000, 0x0000000100000000)
  eden space 160768K, 0% used [0x00000000d5580000,0x00000000d5580000,0x00000000df280000)
  from space 12288K, 94% used [0x00000000df280000,0x00000000dfde2ca8,0x00000000dfe80000)
  to   space 13824K, 0% used [0x00000000e1f80000,0x00000000e1f80000,0x00000000e2d00000)
 ParOldGen       total 71168K, used 9453K [0x0000000080000000, 0x0000000084580000, 0x00000000d5580000)
  object space 71168K, 13% used [0x0000000080000000,0x000000008093b798,0x0000000084580000)
 Metaspace       used 34400K, capacity 35386K, committed 35496K, reserved 1079296K
  class space    used 4678K, capacity 4942K, committed 5032K, reserved 1048576K
}
Event: 6.856 GC heap before
{Heap before GC invocations=9 (full 2):
 PSYoungGen      total 173056K, used 11659K [0x00000000d5580000, 0x00000000e2d00000, 0x0000000100000000)
  eden space 160768K, 0% used [0x00000000d5580000,0x00000000d5580000,0x00000000df280000)
  from space 12288K, 94% used [0x00000000df280000,0x00000000dfde2ca8,0x00000000dfe80000)
  to   space 13824K, 0% used [0x00000000e1f80000,0x00000000e1f80000,0x00000000e2d00000)
 ParOldGen       total 71168K, used 9453K [0x0000000080000000, 0x0000000084580000, 0x00000000d5580000)
  object space 71168K, 13% used [0x0000000080000000,0x000000008093b798,0x0000000084580000)
 Metaspace       used 34400K, capacity 35386K, committed 35496K, reserved 1079296K
  class space    used 4678K, capacity 4942K, committed 5032K, reserved 1048576K
Event: 6.971 GC heap after
Heap after GC invocations=9 (full 2):
 PSYoungGen      total 173056K, used 0K [0x00000000d5580000, 0x00000000e2d00000, 0x0000000100000000)
  eden space 160768K, 0% used [0x00000000d5580000,0x00000000d5580000,0x00000000df280000)
  from space 12288K, 0% used [0x00000000df280000,0x00000000df280000,0x00000000dfe80000)
  to   space 13824K, 0% used [0x00000000e1f80000,0x00000000e1f80000,0x00000000e2d00000)
 ParOldGen       total 113152K, used 18473K [0x0000000080000000, 0x0000000086e80000, 0x00000000d5580000)
  object space 113152K, 16% used [0x0000000080000000,0x000000008120a410,0x0000000086e80000)
 Metaspace       used 34400K, capacity 35386K, committed 35496K, reserved 1079296K
  class space    used 4678K, capacity 4942K, committed 5032K, reserved 1048576K
}

