# JRE version: OpenJDK Runtime Environment (8.0_242-b01) (build 1.8.0_242-release-1644-b01)
# Java VM: OpenJDK 64-Bit Server VM (25.242-b01 mixed mode windows-amd64 compressed oops)
Heap:
 PSYoungGen      total 47616K, used 27891K [0x00000000d5580000, 0x00000000db280000, 0x0000000100000000)
  eden space 40960K, 57% used [0x00000000d5580000,0x00000000d6c5c898,0x00000000d7d80000)
  from space 6656K, 67% used [0x00000000d8400000,0x00000000d8860578,0x00000000d8a80000)
  to   space 6656K, 0% used [0x00000000d7d80000,0x00000000d7d80000,0x00000000d8400000)
 ParOldGen       total 109568K, used 16K [0x0000000080000000, 0x0000000086b00000, 0x00000000d5580000)
  object space 109568K, 0% used [0x0000000080000000,0x0000000080004000,0x0000000086b00000)
 Metaspace       used 12458K, capacity 12864K, committed 13184K, reserved 1060864K
  class space    used 1685K, capacity 1842K, committed 1920K, reserved 1048576K
GC Heap History (4 events):
Event: 1.024 GC heap before
{Heap before GC invocations=1 (full 0):
 PSYoungGen      total 47616K, used 40960K [0x00000000d5580000, 0x00000000d8a80000, 0x0000000100000000)
  eden space 40960K, 100% used [0x00000000d5580000,0x00000000d7d80000,0x00000000d7d80000)
  from space 6656K, 0% used [0x00000000d8400000,0x00000000d8400000,0x00000000d8a80000)
  to   space 6656K, 0% used [0x00000000d7d80000,0x00000000d7d80000,0x00000000d8400000)
 ParOldGen       total 109568K, used 0K [0x0000000080000000, 0x0000000086b00000, 0x00000000d5580000)
  object space 109568K, 0% used [0x0000000080000000,0x0000000080000000,0x0000000086b00000)
 Metaspace       used 7520K, capacity 7760K, committed 8064K, reserved 1056768K
  class space    used 922K, capacity 1032K, committed 1152K, reserved 1048576K
Event: 1.031 GC heap after
Heap after GC invocations=1 (full 0):
 PSYoungGen      total 47616K, used 4597K [0x00000000d5580000, 0x00000000d8a80000, 0x0000000100000000)
  eden space 40960K, 0% used [0x00000000d5580000,0x00000000d5580000,0x00000000d7d80000)
  from space 6656K, 69% used [0x00000000d7d80000,0x00000000d81fd618,0x00000000d8400000)
  to   space 6656K, 0% used [0x00000000d8400000,0x00000000d8400000,0x00000000d8a80000)
 ParOldGen       total 109568K, used 8K [0x0000000080000000, 0x0000000086b00000, 0x00000000d5580000)
  object space 109568K, 0% used [0x0000000080000000,0x0000000080002000,0x0000000086b00000)
 Metaspace       used 7520K, capacity 7760K, committed 8064K, reserved 1056768K
  class space    used 922K, capacity 1032K, committed 1152K, reserved 1048576K
}
Event: 1.358 GC heap before
{Heap before GC invocations=2 (full 0):
 PSYoungGen      total 47616K, used 45557K [0x00000000d5580000, 0x00000000d8a80000, 0x0000000100000000)
  eden space 40960K, 100% used [0x00000000d5580000,0x00000000d7d80000,0x00000000d7d80000)
  from space 6656K, 69% used [0x00000000d7d80000,0x00000000d81fd618,0x00000000d8400000)
  to   space 6656K, 0% used [0x00000000d8400000,0x00000000d8400000,0x00000000d8a80000)
 ParOldGen       total 109568K, used 8K [0x0000000080000000, 0x0000000086b00000, 0x00000000d5580000)
  object space 109568K, 0% used [0x0000000080000000,0x0000000080002000,0x0000000086b00000)
 Metaspace       used 8547K, capacity 8776K, committed 8960K, reserved 1056768K
  class space    used 1101K, capacity 1200K, committed 1280K, reserved 1048576K
Event: 1.364 GC heap after
Heap after GC invocations=2 (full 0):
 PSYoungGen      total 47616K, used 4481K [0x00000000d5580000, 0x00000000db280000, 0x0000000100000000)
  eden space 40960K, 0% used [0x00000000d5580000,0x00000000d5580000,0x00000000d7d80000)
  from space 6656K, 67% used [0x00000000d8400000,0x00000000d8860578,0x00000000d8a80000)
  to   space 6656K, 0% used [0x00000000d7d80000,0x00000000d7d80000,0x00000000d8400000)
 ParOldGen       total 109568K, used 16K [0x0000000080000000, 0x0000000086b00000, 0x00000000d5580000)
  object space 109568K, 0% used [0x0000000080000000,0x0000000080004000,0x0000000086b00000)
 Metaspace       used 8547K, capacity 8776K, committed 8960K, reserved 1056768K
  class space    used 1101K, capacity 1200K, committed 1280K, reserved 1048576K
}

