# JRE version: OpenJDK Runtime Environment (8.0_242-b01) (build 1.8.0_242-release-1644-b01)
# Java VM: OpenJDK 64-Bit Server VM (25.242-b01 mixed mode windows-amd64 compressed oops)
Heap:
 PSYoungGen      total 211456K, used 52535K [0x00000000d5580000, 0x00000000e5000000, 0x0000000100000000)
  eden space 197632K, 19% used [0x00000000d5580000,0x00000000d7b55610,0x00000000e1680000)
  from space 13824K, 99% used [0x00000000e2880000,0x00000000e35f8830,0x00000000e3600000)
  to   space 18432K, 0% used [0x00000000e1680000,0x00000000e1680000,0x00000000e2880000)
 ParOldGen       total 113664K, used 23557K [0x0000000080000000, 0x0000000086f00000, 0x00000000d5580000)
  object space 113664K, 20% used [0x0000000080000000,0x0000000081701690,0x0000000086f00000)
 Metaspace       used 52264K, capacity 53972K, committed 54184K, reserved 1095680K
  class space    used 7087K, capacity 7487K, committed 7592K, reserved 1048576K
GC Heap History (10 events):
Event: 3.317 GC heap before
{Heap before GC invocations=6 (full 1):
 PSYoungGen      total 88576K, used 6644K [0x00000000d5580000, 0x00000000e0c80000, 0x0000000100000000)
  eden space 81920K, 0% used [0x00000000d5580000,0x00000000d5580000,0x00000000da580000)
  from space 6656K, 99% used [0x00000000da580000,0x00000000dabfd040,0x00000000dac00000)
  to   space 11776K, 0% used [0x00000000e0100000,0x00000000e0100000,0x00000000e0c80000)
 ParOldGen       total 109568K, used 6343K [0x0000000080000000, 0x0000000086b00000, 0x00000000d5580000)
  object space 109568K, 5% used [0x0000000080000000,0x0000000080631f60,0x0000000086b00000)
 Metaspace       used 20632K, capacity 21170K, committed 21296K, reserved 1067008K
  class space    used 2900K, capacity 3087K, committed 3120K, reserved 1048576K
Event: 3.359 GC heap after
Heap after GC invocations=6 (full 1):
 PSYoungGen      total 88576K, used 0K [0x00000000d5580000, 0x00000000e0c80000, 0x0000000100000000)
  eden space 81920K, 0% used [0x00000000d5580000,0x00000000d5580000,0x00000000da580000)
  from space 6656K, 0% used [0x00000000da580000,0x00000000da580000,0x00000000dac00000)
  to   space 11776K, 0% used [0x00000000e0100000,0x00000000e0100000,0x00000000e0c80000)
 ParOldGen       total 70656K, used 9164K [0x0000000080000000, 0x0000000084500000, 0x00000000d5580000)
  object space 70656K, 12% used [0x0000000080000000,0x00000000808f30a0,0x0000000084500000)
 Metaspace       used 20632K, capacity 21170K, committed 21296K, reserved 1067008K
  class space    used 2900K, capacity 3087K, committed 3120K, reserved 1048576K
}
Event: 4.586 GC heap before
{Heap before GC invocations=7 (full 1):
 PSYoungGen      total 88576K, used 81920K [0x00000000d5580000, 0x00000000e0c80000, 0x0000000100000000)
  eden space 81920K, 100% used [0x00000000d5580000,0x00000000da580000,0x00000000da580000)
  from space 6656K, 0% used [0x00000000da580000,0x00000000da580000,0x00000000dac00000)
  to   space 11776K, 0% used [0x00000000e0100000,0x00000000e0100000,0x00000000e0c80000)
 ParOldGen       total 70656K, used 9172K [0x0000000080000000, 0x0000000084500000, 0x00000000d5580000)
  object space 70656K, 12% used [0x0000000080000000,0x00000000808f5218,0x0000000084500000)
 Metaspace       used 29948K, capacity 30618K, committed 30896K, reserved 1075200K
  class space    used 4043K, capacity 4264K, committed 4272K, reserved 1048576K
Event: 4.605 GC heap after
Heap after GC invocations=7 (full 1):
 PSYoungGen      total 139264K, used 9681K [0x00000000d5580000, 0x00000000e0a80000, 0x0000000100000000)
  eden space 129536K, 0% used [0x00000000d5580000,0x00000000d5580000,0x00000000dd400000)
  from space 9728K, 99% used [0x00000000e0100000,0x00000000e0a74640,0x00000000e0a80000)
  to   space 12288K, 0% used [0x00000000df280000,0x00000000df280000,0x00000000dfe80000)
 ParOldGen       total 70656K, used 9180K [0x0000000080000000, 0x0000000084500000, 0x00000000d5580000)
  object space 70656K, 12% used [0x0000000080000000,0x00000000808f7218,0x0000000084500000)
 Metaspace       used 29948K, capacity 30618K, committed 30896K, reserved 1075200K
  class space    used 4043K, capacity 4264K, committed 4272K, reserved 1048576K
}
Event: 6.582 GC heap before
{Heap before GC invocations=8 (full 1):
 PSYoungGen      total 139264K, used 108699K [0x00000000d5580000, 0x00000000e0a80000, 0x0000000100000000)
  eden space 129536K, 76% used [0x00000000d5580000,0x00000000db632968,0x00000000dd400000)
  from space 9728K, 99% used [0x00000000e0100000,0x00000000e0a74640,0x00000000e0a80000)
  to   space 12288K, 0% used [0x00000000df280000,0x00000000df280000,0x00000000dfe80000)
 ParOldGen       total 70656K, used 9180K [0x0000000080000000, 0x0000000084500000, 0x00000000d5580000)
  object space 70656K, 12% used [0x0000000080000000,0x00000000808f7218,0x0000000084500000)
 Metaspace       used 34565K, capacity 35348K, committed 35496K, reserved 1079296K
  class space    used 4717K, capacity 4933K, committed 5032K, reserved 1048576K
Event: 6.606 GC heap after
Heap after GC invocations=8 (full 1):
 PSYoungGen      total 173056K, used 11300K [0x00000000d5580000, 0x00000000e3600000, 0x0000000100000000)
  eden space 160768K, 0% used [0x00000000d5580000,0x00000000d5580000,0x00000000df280000)
  from space 12288K, 91% used [0x00000000df280000,0x00000000dfd893b8,0x00000000dfe80000)
  to   space 13824K, 0% used [0x00000000e2880000,0x00000000e2880000,0x00000000e3600000)
 ParOldGen       total 70656K, used 9188K [0x0000000080000000, 0x0000000084500000, 0x00000000d5580000)
  object space 70656K, 13% used [0x0000000080000000,0x00000000808f9218,0x0000000084500000)
 Metaspace       used 34565K, capacity 35348K, committed 35496K, reserved 1079296K
  class space    used 4717K, capacity 4933K, committed 5032K, reserved 1048576K
}
Event: 6.606 GC heap before
{Heap before GC invocations=9 (full 2):
 PSYoungGen      total 173056K, used 11300K [0x00000000d5580000, 0x00000000e3600000, 0x0000000100000000)
  eden space 160768K, 0% used [0x00000000d5580000,0x00000000d5580000,0x00000000df280000)
  from space 12288K, 91% used [0x00000000df280000,0x00000000dfd893b8,0x00000000dfe80000)
  to   space 13824K, 0% used [0x00000000e2880000,0x00000000e2880000,0x00000000e3600000)
 ParOldGen       total 70656K, used 9188K [0x0000000080000000, 0x0000000084500000, 0x00000000d5580000)
  object space 70656K, 13% used [0x0000000080000000,0x00000000808f9218,0x0000000084500000)
 Metaspace       used 34565K, capacity 35348K, committed 35496K, reserved 1079296K
  class space    used 4717K, capacity 4933K, committed 5032K, reserved 1048576K
Event: 6.724 GC heap after
Heap after GC invocations=9 (full 2):
 PSYoungGen      total 173056K, used 0K [0x00000000d5580000, 0x00000000e3600000, 0x0000000100000000)
  eden space 160768K, 0% used [0x00000000d5580000,0x00000000d5580000,0x00000000df280000)
  from space 12288K, 0% used [0x00000000df280000,0x00000000df280000,0x00000000dfe80000)
  to   space 13824K, 0% used [0x00000000e2880000,0x00000000e2880000,0x00000000e3600000)
 ParOldGen       total 113664K, used 17451K [0x0000000080000000, 0x0000000086f00000, 0x00000000d5580000)
  object space 113664K, 15% used [0x0000000080000000,0x000000008110af18,0x0000000086f00000)
 Metaspace       used 34565K, capacity 35348K, committed 35496K, reserved 1079296K
  class space    used 4717K, capacity 4933K, committed 5032K, reserved 1048576K
}
Event: 9.620 GC heap before
{Heap before GC invocations=10 (full 2):
 PSYoungGen      total 173056K, used 160768K [0x00000000d5580000, 0x00000000e3600000, 0x0000000100000000)
  eden space 160768K, 100% used [0x00000000d5580000,0x00000000df280000,0x00000000df280000)
  from space 12288K, 0% used [0x00000000df280000,0x00000000df280000,0x00000000dfe80000)
  to   space 13824K, 0% used [0x00000000e2880000,0x00000000e2880000,0x00000000e3600000)
 ParOldGen       total 113664K, used 17451K [0x0000000080000000, 0x0000000086f00000, 0x00000000d5580000)
  object space 113664K, 15% used [0x0000000080000000,0x000000008110af18,0x0000000086f00000)
 Metaspace       used 49061K, capacity 50524K, committed 50728K, reserved 1093632K
  class space    used 6557K, capacity 6880K, committed 6952K, reserved 1048576K
Event: 9.641 GC heap after
Heap after GC invocations=10 (full 2):
 PSYoungGen      total 211456K, used 13794K [0x00000000d5580000, 0x00000000e5000000, 0x0000000100000000)
  eden space 197632K, 0% used [0x00000000d5580000,0x00000000d5580000,0x00000000e1680000)
  from space 13824K, 99% used [0x00000000e2880000,0x00000000e35f8830,0x00000000e3600000)
  to   space 18432K, 0% used [0x00000000e1680000,0x00000000e1680000,0x00000000e2880000)
 ParOldGen       total 113664K, used 23557K [0x0000000080000000, 0x0000000086f00000, 0x00000000d5580000)
  object space 113664K, 20% used [0x0000000080000000,0x0000000081701690,0x0000000086f00000)
 Metaspace       used 49061K, capacity 50524K, committed 50728K, reserved 1093632K
  class space    used 6557K, capacity 6880K, committed 6952K, reserved 1048576K
}

