# JRE version: OpenJDK Runtime Environment (8.0_242-b01) (build 1.8.0_242-release-1644-b01)
# Java VM: OpenJDK 64-Bit Server VM (25.242-b01 mixed mode windows-amd64 compressed oops)
Heap:
 PSYoungGen      total 173056K, used 123237K [0x00000000d5580000, 0x00000000e3000000, 0x0000000100000000)
  eden space 160768K, 76% used [0x00000000d5580000,0x00000000dcdd97c8,0x00000000df280000)
  from space 12288K, 0% used [0x00000000df280000,0x00000000df280000,0x00000000dfe80000)
  to   space 13312K, 0% used [0x00000000e2300000,0x00000000e2300000,0x00000000e3000000)
 ParOldGen       total 120832K, used 17326K [0x0000000080000000, 0x0000000087600000, 0x00000000d5580000)
  object space 120832K, 14% used [0x0000000080000000,0x00000000810eb9d0,0x0000000087600000)
 Metaspace       used 44795K, capacity 46196K, committed 46376K, reserved 1089536K
  class space    used 6060K, capacity 6416K, committed 6448K, reserved 1048576K
GC Heap History (10 events):
Event: 3.417 GC heap before
{Heap before GC invocations=5 (full 0):
 PSYoungGen      total 88576K, used 44782K [0x00000000d5580000, 0x00000000db280000, 0x0000000100000000)
  eden space 81920K, 46% used [0x00000000d5580000,0x00000000d7abcb90,0x00000000da580000)
  from space 6656K, 99% used [0x00000000dac00000,0x00000000db27eca0,0x00000000db280000)
  to   space 6656K, 0% used [0x00000000da580000,0x00000000da580000,0x00000000dac00000)
 ParOldGen       total 109568K, used 3787K [0x0000000080000000, 0x0000000086b00000, 0x00000000d5580000)
  object space 109568K, 3% used [0x0000000080000000,0x00000000803b2e78,0x0000000086b00000)
 Metaspace       used 20632K, capacity 21260K, committed 21296K, reserved 1067008K
  class space    used 2893K, capacity 3116K, committed 3120K, reserved 1048576K
Event: 3.431 GC heap after
Heap after GC invocations=5 (full 0):
 PSYoungGen      total 88576K, used 6628K [0x00000000d5580000, 0x00000000e0c80000, 0x0000000100000000)
  eden space 81920K, 0% used [0x00000000d5580000,0x00000000d5580000,0x00000000da580000)
  from space 6656K, 99% used [0x00000000da580000,0x00000000dabf9050,0x00000000dac00000)
  to   space 11776K, 0% used [0x00000000e0100000,0x00000000e0100000,0x00000000e0c80000)
 ParOldGen       total 109568K, used 6662K [0x0000000080000000, 0x0000000086b00000, 0x00000000d5580000)
  object space 109568K, 6% used [0x0000000080000000,0x0000000080681bd8,0x0000000086b00000)
 Metaspace       used 20632K, capacity 21260K, committed 21296K, reserved 1067008K
  class space    used 2893K, capacity 3116K, committed 3120K, reserved 1048576K
}
Event: 3.431 GC heap before
{Heap before GC invocations=6 (full 1):
 PSYoungGen      total 88576K, used 6628K [0x00000000d5580000, 0x00000000e0c80000, 0x0000000100000000)
  eden space 81920K, 0% used [0x00000000d5580000,0x00000000d5580000,0x00000000da580000)
  from space 6656K, 99% used [0x00000000da580000,0x00000000dabf9050,0x00000000dac00000)
  to   space 11776K, 0% used [0x00000000e0100000,0x00000000e0100000,0x00000000e0c80000)
 ParOldGen       total 109568K, used 6662K [0x0000000080000000, 0x0000000086b00000, 0x00000000d5580000)
  object space 109568K, 6% used [0x0000000080000000,0x0000000080681bd8,0x0000000086b00000)
 Metaspace       used 20632K, capacity 21260K, committed 21296K, reserved 1067008K
  class space    used 2893K, capacity 3116K, committed 3120K, reserved 1048576K
Event: 3.487 GC heap after
Heap after GC invocations=6 (full 1):
 PSYoungGen      total 88576K, used 0K [0x00000000d5580000, 0x00000000e0c80000, 0x0000000100000000)
  eden space 81920K, 0% used [0x00000000d5580000,0x00000000d5580000,0x00000000da580000)
  from space 6656K, 0% used [0x00000000da580000,0x00000000da580000,0x00000000dac00000)
  to   space 11776K, 0% used [0x00000000e0100000,0x00000000e0100000,0x00000000e0c80000)
 ParOldGen       total 73728K, used 9294K [0x0000000080000000, 0x0000000084800000, 0x00000000d5580000)
  object space 73728K, 12% used [0x0000000080000000,0x0000000080913a20,0x0000000084800000)
 Metaspace       used 20632K, capacity 21260K, committed 21296K, reserved 1067008K
  class space    used 2893K, capacity 3116K, committed 3120K, reserved 1048576K
}
Event: 4.544 GC heap before
{Heap before GC invocations=7 (full 1):
 PSYoungGen      total 88576K, used 81920K [0x00000000d5580000, 0x00000000e0c80000, 0x0000000100000000)
  eden space 81920K, 100% used [0x00000000d5580000,0x00000000da580000,0x00000000da580000)
  from space 6656K, 0% used [0x00000000da580000,0x00000000da580000,0x00000000dac00000)
  to   space 11776K, 0% used [0x00000000e0100000,0x00000000e0100000,0x00000000e0c80000)
 ParOldGen       total 73728K, used 9294K [0x0000000080000000, 0x0000000084800000, 0x00000000d5580000)
  object space 73728K, 12% used [0x0000000080000000,0x0000000080913a20,0x0000000084800000)
 Metaspace       used 29822K, capacity 30598K, committed 30896K, reserved 1075200K
  class space    used 4018K, capacity 4258K, committed 4272K, reserved 1048576K
Event: 4.558 GC heap after
Heap after GC invocations=7 (full 1):
 PSYoungGen      total 134144K, used 9408K [0x00000000d5580000, 0x00000000e0a80000, 0x0000000100000000)
  eden space 124416K, 0% used [0x00000000d5580000,0x00000000d5580000,0x00000000dcf00000)
  from space 9728K, 96% used [0x00000000e0100000,0x00000000e0a300e8,0x00000000e0a80000)
  to   space 12288K, 0% used [0x00000000df280000,0x00000000df280000,0x00000000dfe80000)
 ParOldGen       total 73728K, used 9302K [0x0000000080000000, 0x0000000084800000, 0x00000000d5580000)
  object space 73728K, 12% used [0x0000000080000000,0x0000000080915a20,0x0000000084800000)
 Metaspace       used 29822K, capacity 30598K, committed 30896K, reserved 1075200K
  class space    used 4018K, capacity 4258K, committed 4272K, reserved 1048576K
}
Event: 5.890 GC heap before
{Heap before GC invocations=8 (full 1):
 PSYoungGen      total 134144K, used 108513K [0x00000000d5580000, 0x00000000e0a80000, 0x0000000100000000)
  eden space 124416K, 79% used [0x00000000d5580000,0x00000000db648420,0x00000000dcf00000)
  from space 9728K, 96% used [0x00000000e0100000,0x00000000e0a300e8,0x00000000e0a80000)
  to   space 12288K, 0% used [0x00000000df280000,0x00000000df280000,0x00000000dfe80000)
 ParOldGen       total 73728K, used 9302K [0x0000000080000000, 0x0000000084800000, 0x00000000d5580000)
  object space 73728K, 12% used [0x0000000080000000,0x0000000080915a20,0x0000000084800000)
 Metaspace       used 34572K, capacity 35414K, committed 35496K, reserved 1079296K
  class space    used 4743K, capacity 4972K, committed 5040K, reserved 1048576K
Event: 5.944 GC heap after
Heap after GC invocations=8 (full 1):
 PSYoungGen      total 173056K, used 10956K [0x00000000d5580000, 0x00000000e3000000, 0x0000000100000000)
  eden space 160768K, 0% used [0x00000000d5580000,0x00000000d5580000,0x00000000df280000)
  from space 12288K, 89% used [0x00000000df280000,0x00000000dfd333f8,0x00000000dfe80000)
  to   space 13312K, 0% used [0x00000000e2300000,0x00000000e2300000,0x00000000e3000000)
 ParOldGen       total 73728K, used 9310K [0x0000000080000000, 0x0000000084800000, 0x00000000d5580000)
  object space 73728K, 12% used [0x0000000080000000,0x0000000080917a20,0x0000000084800000)
 Metaspace       used 34572K, capacity 35414K, committed 35496K, reserved 1079296K
  class space    used 4743K, capacity 4972K, committed 5040K, reserved 1048576K
}
Event: 5.944 GC heap before
{Heap before GC invocations=9 (full 2):
 PSYoungGen      total 173056K, used 10956K [0x00000000d5580000, 0x00000000e3000000, 0x0000000100000000)
  eden space 160768K, 0% used [0x00000000d5580000,0x00000000d5580000,0x00000000df280000)
  from space 12288K, 89% used [0x00000000df280000,0x00000000dfd333f8,0x00000000dfe80000)
  to   space 13312K, 0% used [0x00000000e2300000,0x00000000e2300000,0x00000000e3000000)
 ParOldGen       total 73728K, used 9310K [0x0000000080000000, 0x0000000084800000, 0x00000000d5580000)
  object space 73728K, 12% used [0x0000000080000000,0x0000000080917a20,0x0000000084800000)
 Metaspace       used 34572K, capacity 35414K, committed 35496K, reserved 1079296K
  class space    used 4743K, capacity 4972K, committed 5040K, reserved 1048576K
Event: 6.117 GC heap after
Heap after GC invocations=9 (full 2):
 PSYoungGen      total 173056K, used 0K [0x00000000d5580000, 0x00000000e3000000, 0x0000000100000000)
  eden space 160768K, 0% used [0x00000000d5580000,0x00000000d5580000,0x00000000df280000)
  from space 12288K, 0% used [0x00000000df280000,0x00000000df280000,0x00000000dfe80000)
  to   space 13312K, 0% used [0x00000000e2300000,0x00000000e2300000,0x00000000e3000000)
 ParOldGen       total 120832K, used 17326K [0x0000000080000000, 0x0000000087600000, 0x00000000d5580000)
  object space 120832K, 14% used [0x0000000080000000,0x00000000810eb9d0,0x0000000087600000)
 Metaspace       used 34572K, capacity 35414K, committed 35496K, reserved 1079296K
  class space    used 4743K, capacity 4972K, committed 5040K, reserved 1048576K
}

