# JRE version: OpenJDK Runtime Environment (8.0_242-b01) (build 1.8.0_242-release-1644-b01)
# Java VM: OpenJDK 64-Bit Server VM (25.242-b01 mixed mode windows-amd64 compressed oops)
Heap:
 PSYoungGen      total 138240K, used 58241K [0x00000000d5580000, 0x00000000e0a80000, 0x0000000100000000)
  eden space 128512K, 38% used [0x00000000d5580000,0x00000000d85541f8,0x00000000dd300000)
  from space 9728K, 95% used [0x00000000e0100000,0x00000000e0a0c588,0x00000000e0a80000)
  to   space 12288K, 0% used [0x00000000df280000,0x00000000df280000,0x00000000dfe80000)
 ParOldGen       total 71168K, used 9412K [0x0000000080000000, 0x0000000084580000, 0x00000000d5580000)
  object space 71168K, 13% used [0x0000000080000000,0x0000000080931200,0x0000000084580000)
 Metaspace       used 32095K, capacity 32998K, committed 33072K, reserved 1077248K
  class space    used 4349K, capacity 4624K, committed 4656K, reserved 1048576K
GC Heap History (10 events):
Event: 2.346 GC heap before
{Heap before GC invocations=3 (full 0):
 PSYoungGen      total 47616K, used 45473K [0x00000000d5580000, 0x00000000db280000, 0x0000000100000000)
  eden space 40960K, 100% used [0x00000000d5580000,0x00000000d7d80000,0x00000000d7d80000)
  from space 6656K, 67% used [0x00000000d8400000,0x00000000d8868578,0x00000000d8a80000)
  to   space 6656K, 0% used [0x00000000d7d80000,0x00000000d7d80000,0x00000000d8400000)
 ParOldGen       total 109568K, used 16K [0x0000000080000000, 0x0000000086b00000, 0x00000000d5580000)
  object space 109568K, 0% used [0x0000000080000000,0x0000000080004000,0x0000000086b00000)
 Metaspace       used 13881K, capacity 14282K, committed 14336K, reserved 1060864K
  class space    used 1902K, capacity 2047K, committed 2048K, reserved 1048576K
Event: 2.355 GC heap after
Heap after GC invocations=3 (full 0):
 PSYoungGen      total 47616K, used 6624K [0x00000000d5580000, 0x00000000db280000, 0x0000000100000000)
  eden space 40960K, 0% used [0x00000000d5580000,0x00000000d5580000,0x00000000d7d80000)
  from space 6656K, 99% used [0x00000000d7d80000,0x00000000d83f8348,0x00000000d8400000)
  to   space 6656K, 0% used [0x00000000dac00000,0x00000000dac00000,0x00000000db280000)
 ParOldGen       total 109568K, used 1224K [0x0000000080000000, 0x0000000086b00000, 0x00000000d5580000)
  object space 109568K, 1% used [0x0000000080000000,0x0000000080132078,0x0000000086b00000)
 Metaspace       used 13881K, capacity 14282K, committed 14336K, reserved 1060864K
  class space    used 1902K, capacity 2047K, committed 2048K, reserved 1048576K
}
Event: 2.862 GC heap before
{Heap before GC invocations=4 (full 0):
 PSYoungGen      total 47616K, used 47584K [0x00000000d5580000, 0x00000000db280000, 0x0000000100000000)
  eden space 40960K, 100% used [0x00000000d5580000,0x00000000d7d80000,0x00000000d7d80000)
  from space 6656K, 99% used [0x00000000d7d80000,0x00000000d83f8348,0x00000000d8400000)
  to   space 6656K, 0% used [0x00000000dac00000,0x00000000dac00000,0x00000000db280000)
 ParOldGen       total 109568K, used 1224K [0x0000000080000000, 0x0000000086b00000, 0x00000000d5580000)
  object space 109568K, 1% used [0x0000000080000000,0x0000000080132078,0x0000000086b00000)
 Metaspace       used 17879K, capacity 18426K, committed 18560K, reserved 1064960K
  class space    used 2439K, capacity 2635K, committed 2688K, reserved 1048576K
Event: 2.879 GC heap after
Heap after GC invocations=4 (full 0):
 PSYoungGen      total 88576K, used 6636K [0x00000000d5580000, 0x00000000db280000, 0x0000000100000000)
  eden space 81920K, 0% used [0x00000000d5580000,0x00000000d5580000,0x00000000da580000)
  from space 6656K, 99% used [0x00000000dac00000,0x00000000db27b008,0x00000000db280000)
  to   space 6656K, 0% used [0x00000000da580000,0x00000000da580000,0x00000000dac00000)
 ParOldGen       total 109568K, used 3674K [0x0000000080000000, 0x0000000086b00000, 0x00000000d5580000)
  object space 109568K, 3% used [0x0000000080000000,0x0000000080396900,0x0000000086b00000)
 Metaspace       used 17879K, capacity 18426K, committed 18560K, reserved 1064960K
  class space    used 2439K, capacity 2635K, committed 2688K, reserved 1048576K
}
Event: 3.443 GC heap before
{Heap before GC invocations=5 (full 0):
 PSYoungGen      total 88576K, used 44259K [0x00000000d5580000, 0x00000000db280000, 0x0000000100000000)
  eden space 81920K, 45% used [0x00000000d5580000,0x00000000d7a3dfa8,0x00000000da580000)
  from space 6656K, 99% used [0x00000000dac00000,0x00000000db27b008,0x00000000db280000)
  to   space 6656K, 0% used [0x00000000da580000,0x00000000da580000,0x00000000dac00000)
 ParOldGen       total 109568K, used 3674K [0x0000000080000000, 0x0000000086b00000, 0x00000000d5580000)
  object space 109568K, 3% used [0x0000000080000000,0x0000000080396900,0x0000000086b00000)
 Metaspace       used 20566K, capacity 21218K, committed 21296K, reserved 1067008K
  class space    used 2885K, capacity 3093K, committed 3120K, reserved 1048576K
Event: 3.460 GC heap after
Heap after GC invocations=5 (full 0):
 PSYoungGen      total 88576K, used 6644K [0x00000000d5580000, 0x00000000e0c80000, 0x0000000100000000)
  eden space 81920K, 0% used [0x00000000d5580000,0x00000000d5580000,0x00000000da580000)
  from space 6656K, 99% used [0x00000000da580000,0x00000000dabfd040,0x00000000dac00000)
  to   space 11776K, 0% used [0x00000000e0100000,0x00000000e0100000,0x00000000e0c80000)
 ParOldGen       total 109568K, used 6615K [0x0000000080000000, 0x0000000086b00000, 0x00000000d5580000)
  object space 109568K, 6% used [0x0000000080000000,0x0000000080675ef0,0x0000000086b00000)
 Metaspace       used 20566K, capacity 21218K, committed 21296K, reserved 1067008K
  class space    used 2885K, capacity 3093K, committed 3120K, reserved 1048576K
}
Event: 3.460 GC heap before
{Heap before GC invocations=6 (full 1):
 PSYoungGen      total 88576K, used 6644K [0x00000000d5580000, 0x00000000e0c80000, 0x0000000100000000)
  eden space 81920K, 0% used [0x00000000d5580000,0x00000000d5580000,0x00000000da580000)
  from space 6656K, 99% used [0x00000000da580000,0x00000000dabfd040,0x00000000dac00000)
  to   space 11776K, 0% used [0x00000000e0100000,0x00000000e0100000,0x00000000e0c80000)
 ParOldGen       total 109568K, used 6615K [0x0000000080000000, 0x0000000086b00000, 0x00000000d5580000)
  object space 109568K, 6% used [0x0000000080000000,0x0000000080675ef0,0x0000000086b00000)
 Metaspace       used 20566K, capacity 21218K, committed 21296K, reserved 1067008K
  class space    used 2885K, capacity 3093K, committed 3120K, reserved 1048576K
Event: 3.506 GC heap after
Heap after GC invocations=6 (full 1):
 PSYoungGen      total 88576K, used 0K [0x00000000d5580000, 0x00000000e0c80000, 0x0000000100000000)
  eden space 81920K, 0% used [0x00000000d5580000,0x00000000d5580000,0x00000000da580000)
  from space 6656K, 0% used [0x00000000da580000,0x00000000da580000,0x00000000dac00000)
  to   space 11776K, 0% used [0x00000000e0100000,0x00000000e0100000,0x00000000e0c80000)
 ParOldGen       total 71168K, used 9404K [0x0000000080000000, 0x0000000084580000, 0x00000000d5580000)
  object space 71168K, 13% used [0x0000000080000000,0x000000008092f200,0x0000000084580000)
 Metaspace       used 20566K, capacity 21218K, committed 21296K, reserved 1067008K
  class space    used 2885K, capacity 3093K, committed 3120K, reserved 1048576K
}
Event: 4.543 GC heap before
{Heap before GC invocations=7 (full 1):
 PSYoungGen      total 88576K, used 81920K [0x00000000d5580000, 0x00000000e0c80000, 0x0000000100000000)
  eden space 81920K, 100% used [0x00000000d5580000,0x00000000da580000,0x00000000da580000)
  from space 6656K, 0% used [0x00000000da580000,0x00000000da580000,0x00000000dac00000)
  to   space 11776K, 0% used [0x00000000e0100000,0x00000000e0100000,0x00000000e0c80000)
 ParOldGen       total 71168K, used 9404K [0x0000000080000000, 0x0000000084580000, 0x00000000d5580000)
  object space 71168K, 13% used [0x0000000080000000,0x000000008092f200,0x0000000084580000)
 Metaspace       used 29862K, capacity 30630K, committed 30896K, reserved 1075200K
  class space    used 4006K, capacity 4240K, committed 4272K, reserved 1048576K
Event: 4.554 GC heap after
Heap after GC invocations=7 (full 1):
 PSYoungGen      total 138240K, used 9265K [0x00000000d5580000, 0x00000000e0a80000, 0x0000000100000000)
  eden space 128512K, 0% used [0x00000000d5580000,0x00000000d5580000,0x00000000dd300000)
  from space 9728K, 95% used [0x00000000e0100000,0x00000000e0a0c588,0x00000000e0a80000)
  to   space 12288K, 0% used [0x00000000df280000,0x00000000df280000,0x00000000dfe80000)
 ParOldGen       total 71168K, used 9412K [0x0000000080000000, 0x0000000084580000, 0x00000000d5580000)
  object space 71168K, 13% used [0x0000000080000000,0x0000000080931200,0x0000000084580000)
 Metaspace       used 29862K, capacity 30630K, committed 30896K, reserved 1075200K
  class space    used 4006K, capacity 4240K, committed 4272K, reserved 1048576K
}

